<?xml version="1.0" encoding="UTF-8"?>
<!-- Generated by org.testng.reporters.JUnitXMLReporter -->
<testsuite ignored="0" hostname="DESKTOP-FJDSB4Q" failures="0" tests="1" name="Test" time="0.051" errors="0" timestamp="2021-12-17T19:53:50 IST">
  <testcase classname="com.orangehrm.hybridframe_2021.testbase.TestBase" name="@BeforeTest setUP" time="0.006">
    <failure type="java.lang.NullPointerException" message="Cannot invoke &amp;quot;org.openqa.selenium.WebDriver.manage()&amp;quot; because &amp;quot;this.driver&amp;quot; is null">
      <![CDATA[java.lang.NullPointerException: Cannot invoke "org.openqa.selenium.WebDriver.manage()" because "this.driver" is null
at com.orangehrm.hybridframe_2021.testbase.TestBase.setUP(TestBase.java:54)
... Removed 24 stack frames]]>
    </failure>
  </testcase> <!-- @BeforeTest setUP -->
  <testcase classname="com.orangehrm.hybridframe_2021.testbase.TestBase" name="@AfterTest tearDown" time="-1.639751030934E9">
    <skipped/>
  </testcase> <!-- @AfterTest tearDown -->
  <testcase classname="com.orangehrm.hybridframe_2021.testcases.DashBoardTC" name="logoutOrangeHRMTestTC01" time="0.001">
    <skipped/>
  </testcase> <!-- logoutOrangeHRMTestTC01 -->
</testsuite> <!-- Test -->
